<?xml version="1.0" encoding="UTF-8"?>
<testsuite xmlns:xsi="http://www.w3.org/2001/XMLSchema-instance" xsi:noNamespaceSchemaLocation="https://maven.apache.org/surefire/maven-surefire-plugin/xsd/surefire-test-report.xsd" name="com.example.hw.VehicleTest" time="0.283" tests="7" errors="0" skipped="0" failures="0">
  <properties>
[...]
</properties>
  <testcase name="MotorcycleWheels" classname="com.example.hw.VehicleTest" time="0.153"/>
  <testcase name="parkCar" classname="com.example.hw.VehicleTest" time="0.001"/>
  <testcase name="testDriveCar" classname="com.example.hw.VehicleTest" time="0"/>
  <testcase name="WheelsCar" classname="com.example.hw.VehicleTest" time="0"/>
  <testcase name="instanceOf" classname="com.example.hw.VehicleTest" time="0.003"/>
  <testcase name="testDriveMotorcycle" classname="com.example.hw.VehicleTest" time="0.001"/>
  <testcase name="parkMotorcycle" classname="com.example.hw.VehicleTest" time="0.001"/>
</testsuite>